[debug] [2018-03-31T12:57:07.910Z] ----------------------------------------------------------------------
[debug] [2018-03-31T12:57:07.925Z] Command:       C:\Program Files\nodejs\node.exe C:\Users\owner\AppData\Roaming\npm\node_modules\firebase-tools\bin\firebase serve
[debug] [2018-03-31T12:57:07.925Z] CLI Version:   3.17.7
[debug] [2018-03-31T12:57:07.925Z] Platform:      win32
[debug] [2018-03-31T12:57:07.925Z] Node Version:  v8.10.0
[debug] [2018-03-31T12:57:07.941Z] Time:          Sat Mar 31 2018 18:27:07 GMT+0530 (India Standard Time)
[debug] [2018-03-31T12:57:07.941Z] ----------------------------------------------------------------------
[debug] 
[debug] [2018-03-31T12:57:08.035Z] > command requires scopes: ["email","openid","https://www.googleapis.com/auth/cloudplatformprojects.readonly","https://www.googleapis.com/auth/firebase","https://www.googleapis.com/auth/cloud-platform"]
[debug] [2018-03-31T12:57:08.035Z] > authorizing via signed-in user
[debug] [2018-03-31T12:57:08.035Z] > refreshing access token with scopes: ["email","https://www.googleapis.com/auth/cloud-platform","https://www.googleapis.com/auth/cloudplatformprojects.readonly","https://www.googleapis.com/auth/firebase","openid"]
[debug] [2018-03-31T12:57:08.035Z] >>> HTTP REQUEST POST https://www.googleapis.com/oauth2/v3/token  
 { refresh_token: '1/Ku0mA0GiUm2-yHaBmkuO2nbK5cnfH9mis0CwWBugsv0',
  client_id: '563584335869-fgrhgmd47bqnekij5i8b5pr03ho849e6.apps.googleusercontent.com',
  client_secret: 'j9iVZfS8kkCEFUPaAeJV0sAi',
  grant_type: 'refresh_token',
  scope: 'email https://www.googleapis.com/auth/cloud-platform https://www.googleapis.com/auth/cloudplatformprojects.readonly https://www.googleapis.com/auth/firebase openid' } 
 Sat Mar 31 2018 18:27:08 GMT+0530 (India Standard Time)
[debug] [2018-03-31T12:57:09.050Z] <<< HTTP RESPONSE 200
[debug] [2018-03-31T12:57:09.098Z] >>> HTTP REQUEST GET https://admin.firebase.com/v1/projects/adch-9c89f  
  
 Sat Mar 31 2018 18:27:09 GMT+0530 (India Standard Time)
[debug] [2018-03-31T12:57:11.269Z] <<< HTTP RESPONSE 200
[debug] [2018-03-31T12:57:11.269Z] >>> HTTP REQUEST GET https://admin.firebase.com/v1/database/adch-9c89f/tokens  
  
 Sat Mar 31 2018 18:27:11 GMT+0530 (India Standard Time)
[debug] [2018-03-31T12:57:12.794Z] <<< HTTP RESPONSE 200
[debug] [2018-03-31T12:57:12.794Z] >>> HTTP REQUEST GET https://cloudresourcemanager.googleapis.com/v1/projects/adch-9c89f  
  
 Sat Mar 31 2018 18:27:12 GMT+0530 (India Standard Time)
[debug] [2018-03-31T12:57:15.107Z] <<< HTTP RESPONSE 200
[info] 
[info] === Serving from 'C:\Users\owner\Desktop\Hack 2k18'...
[info] 
[debug] [2018-03-31T12:57:15.107Z] >>> HTTP REQUEST GET https://mobilesdk-pa.googleapis.com/v1/projects/196006506550/clients/_:getWebAppConfig  
  
 Sat Mar 31 2018 18:27:15 GMT+0530 (India Standard Time)
[debug] [2018-03-31T12:57:16.389Z] <<< HTTP RESPONSE 200
[info] i  hosting: Serving hosting files from: public
[info] +  hosting: Local server: http://localhost:5000

[debug] [2018-03-31T13:32:36.280Z] ----------------------------------------------------------------------
[debug] [2018-03-31T13:32:36.280Z] Command:       C:\Program Files\nodejs\node.exe C:\Users\owner\AppData\Roaming\npm\node_modules\firebase-tools\bin\firebase serve
[debug] [2018-03-31T13:32:36.280Z] CLI Version:   3.17.7
[debug] [2018-03-31T13:32:36.280Z] Platform:      win32
[debug] [2018-03-31T13:32:36.280Z] Node Version:  v8.10.0
[debug] [2018-03-31T13:32:36.280Z] Time:          Sat Mar 31 2018 19:02:36 GMT+0530 (India Standard Time)
[debug] [2018-03-31T13:32:36.280Z] ----------------------------------------------------------------------
[debug] 
[debug] [2018-03-31T13:32:36.295Z] > command requires scopes: ["email","openid","https://www.googleapis.com/auth/cloudplatformprojects.readonly","https://www.googleapis.com/auth/firebase","https://www.googleapis.com/auth/cloud-platform"]
[debug] [2018-03-31T13:32:36.295Z] > authorizing via signed-in user
[debug] [2018-03-31T13:32:36.295Z] >>> HTTP REQUEST GET https://admin.firebase.com/v1/projects/adch-9c89f  
  
 Sat Mar 31 2018 19:02:36 GMT+0530 (India Standard Time)
[debug] [2018-03-31T13:32:38.080Z] <<< HTTP RESPONSE 200
[debug] [2018-03-31T13:32:38.080Z] >>> HTTP REQUEST GET https://admin.firebase.com/v1/database/adch-9c89f/tokens  
  
 Sat Mar 31 2018 19:02:38 GMT+0530 (India Standard Time)
[debug] [2018-03-31T13:32:39.442Z] <<< HTTP RESPONSE 200
[debug] [2018-03-31T13:32:39.442Z] >>> HTTP REQUEST GET https://cloudresourcemanager.googleapis.com/v1/projects/adch-9c89f  
  
 Sat Mar 31 2018 19:02:39 GMT+0530 (India Standard Time)
[debug] [2018-03-31T13:32:41.433Z] <<< HTTP RESPONSE 200
[info] 
[info] === Serving from 'C:\Users\owner\Desktop\Hack 2k18'...
[info] 
[debug] [2018-03-31T13:32:41.433Z] >>> HTTP REQUEST GET https://mobilesdk-pa.googleapis.com/v1/projects/196006506550/clients/_:getWebAppConfig  
  
 Sat Mar 31 2018 19:02:41 GMT+0530 (India Standard Time)
[debug] [2018-03-31T13:32:43.105Z] <<< HTTP RESPONSE 200
[info] i  hosting: Serving hosting files from: public
[info] +  hosting: Local server: http://localhost:5000

