[debug] [2018-03-31T08:48:36.075Z] ----------------------------------------------------------------------
[debug] [2018-03-31T08:48:36.079Z] Command:       C:\Program Files\nodejs\node.exe C:\Users\owner\AppData\Roaming\npm\node_modules\firebase-tools\bin\firebase init function
[debug] [2018-03-31T08:48:36.079Z] CLI Version:   3.17.7
[debug] [2018-03-31T08:48:36.079Z] Platform:      win32
[debug] [2018-03-31T08:48:36.079Z] Node Version:  v8.10.0
[debug] [2018-03-31T08:48:36.079Z] Time:          Sat Mar 31 2018 14:18:36 GMT+0530 (India Standard Time)
[debug] [2018-03-31T08:48:36.079Z] ----------------------------------------------------------------------
[debug] 
[debug] [2018-03-31T08:48:36.087Z] > command requires scopes: ["email","openid","https://www.googleapis.com/auth/cloudplatformprojects.readonly","https://www.googleapis.com/auth/firebase"]
[debug] [2018-03-31T08:48:36.087Z] > authorizing via signed-in user
[info] 
     ######## #### ########  ######## ########     ###     ######  ########
     ##        ##  ##     ## ##       ##     ##  ##   ##  ##       ##
     ######    ##  ########  ######   ########  #########  ######  ######
     ##        ##  ##    ##  ##       ##     ## ##     ##       ## ##
     ##       #### ##     ## ######## ########  ##     ##  ######  ########

You're about to initialize a Firebase project in this directory:

  C:\Users\owner\Desktop\firebase

[info] 
=== Project Setup
[info] 
[info] First, let's associate this project directory with a Firebase project.
[info] You can create multiple project aliases by running firebase use --add, 
[info] but for now we'll just set up a default project.
[info] 
[debug] [2018-03-31T08:48:37.827Z] > refreshing access token with scopes: ["email","https://www.googleapis.com/auth/cloudplatformprojects.readonly","https://www.googleapis.com/auth/firebase","openid"]
[debug] [2018-03-31T08:48:37.827Z] >>> HTTP REQUEST POST https://www.googleapis.com/oauth2/v3/token  
 { refresh_token: '1/Ku0mA0GiUm2-yHaBmkuO2nbK5cnfH9mis0CwWBugsv0',
  client_id: '563584335869-fgrhgmd47bqnekij5i8b5pr03ho849e6.apps.googleusercontent.com',
  client_secret: 'j9iVZfS8kkCEFUPaAeJV0sAi',
  grant_type: 'refresh_token',
  scope: 'email https://www.googleapis.com/auth/cloudplatformprojects.readonly https://www.googleapis.com/auth/firebase openid' } 
 Sat Mar 31 2018 14:18:37 GMT+0530 (India Standard Time)
[debug] [2018-03-31T08:48:38.456Z] <<< HTTP RESPONSE 200
[debug] [2018-03-31T08:48:38.502Z] >>> HTTP REQUEST GET https://admin.firebase.com/v1/projects  
  
 Sat Mar 31 2018 14:18:38 GMT+0530 (India Standard Time)
[debug] [2018-03-31T08:48:40.185Z] <<< HTTP RESPONSE 200
